03-04@14:58:57 INFO  (DomainServices.java:28)     - Created new station: Majorstuen
03-04@14:58:57 INFO  (DomainServices.java:28)     - Created new station: Bislett
03-04@14:58:57 INFO  (DomainServices.java:28)     - Created new station: Tullinløkka
03-04@14:58:57 INFO  (DomainServices.java:28)     - Created new station: Nasjonalteateret
03-04@14:58:57 INFO  (DomainServices.java:28)     - Created new station: Jernbanetorget
03-04@14:58:57 INFO  (DomainServices.java:28)     - Created new station: Gardermoen
03-04@14:58:57 INFO  (DomainServices.java:28)     - Created new station: Alta Lufthavn
03-04@14:58:57 INFO  (DomainServices.java:28)     - Created new station: Alta Sentrum
03-04@14:58:57 INFO  (DomainServices.java:28)     - Created new station: Alta City
03-04@14:58:57 INFO  (DomainServices.java:28)     - Created new station: Kronstad
03-04@14:58:57 INFO  (DomainServices.java:28)     - Created new station: Bossekopp
03-04@14:58:57 INFO  (DomainServices.java:28)     - Created new station: Elvebakken
03-04@14:58:57 INFO  (DomainServices.java:48)     - Opprettet forbindese mellom Majorstuen og Nasjonalteateret
03-04@14:58:57 INFO  (DomainServices.java:48)     - Opprettet forbindese mellom Majorstuen og Nasjonalteateret
03-04@14:58:57 INFO  (DomainServices.java:48)     - Opprettet forbindese mellom Jernbanetorget og Nasjonalteateret
03-04@14:58:57 INFO  (DomainServices.java:48)     - Opprettet forbindese mellom Jernbanetorget og Nasjonalteateret
03-04@14:58:57 INFO  (DomainServices.java:48)     - Opprettet forbindese mellom Jernbanetorget og Tullinløkka
03-04@14:58:57 INFO  (DomainServices.java:48)     - Opprettet forbindese mellom Bislett og Tullinløkka
03-04@14:58:57 INFO  (DomainServices.java:48)     - Opprettet forbindese mellom Bislett og Majorstuen
03-04@14:58:57 INFO  (DomainServices.java:48)     - Opprettet forbindese mellom Nasjonalteateret og Tullinløkka
03-04@14:58:57 INFO  (DomainServices.java:48)     - Opprettet forbindese mellom Jernbanetorget og Gardermoen
03-04@14:58:58 INFO  (DomainServices.java:48)     - Opprettet forbindese mellom Alta Lufthavn og Elvebakken
03-04@14:58:58 INFO  (DomainServices.java:48)     - Opprettet forbindese mellom Alta Lufthavn og Alta City
03-04@14:58:58 INFO  (DomainServices.java:48)     - Opprettet forbindese mellom Bossekopp og Alta City
03-04@14:58:58 INFO  (DomainServices.java:48)     - Opprettet forbindese mellom Alta City og Alta Sentrum
03-04@14:58:58 INFO  (DomainServices.java:48)     - Opprettet forbindese mellom Alta Sentrum og Elvebakken
03-04@14:58:58 INFO  (DomainServices.java:48)     - Opprettet forbindese mellom Elvebakken og Kronstad
03-04@14:58:58 INFO  (Initializer.java:50)     - Du er nå klar for workshopen!
03-04@15:06:52 INFO  (DomainServices.java:28)     - Created new station: Majorstuen
03-04@15:06:52 INFO  (DomainServices.java:28)     - Created new station: Bislett
03-04@15:06:52 INFO  (DomainServices.java:28)     - Created new station: Tullinløkka
03-04@15:06:52 INFO  (DomainServices.java:28)     - Created new station: Nasjonalteateret
03-04@15:06:52 INFO  (DomainServices.java:28)     - Created new station: Jernbanetorget
03-04@15:06:52 INFO  (DomainServices.java:28)     - Created new station: Gardermoen
03-04@15:06:52 INFO  (DomainServices.java:28)     - Created new station: Alta Lufthavn
03-04@15:06:52 INFO  (DomainServices.java:28)     - Created new station: Alta Sentrum
03-04@15:06:52 INFO  (DomainServices.java:28)     - Created new station: Alta City
03-04@15:06:52 INFO  (DomainServices.java:28)     - Created new station: Kronstad
03-04@15:06:52 INFO  (DomainServices.java:28)     - Created new station: Bossekopp
03-04@15:06:52 INFO  (DomainServices.java:28)     - Created new station: Elvebakken
03-04@15:06:52 INFO  (DomainServices.java:48)     - Opprettet forbindese mellom Majorstuen og Nasjonalteateret
03-04@15:06:53 INFO  (DomainServices.java:48)     - Opprettet forbindese mellom Majorstuen og Nasjonalteateret
03-04@15:06:53 INFO  (DomainServices.java:48)     - Opprettet forbindese mellom Jernbanetorget og Nasjonalteateret
03-04@15:06:53 INFO  (DomainServices.java:48)     - Opprettet forbindese mellom Jernbanetorget og Nasjonalteateret
03-04@15:06:53 INFO  (DomainServices.java:48)     - Opprettet forbindese mellom Jernbanetorget og Tullinløkka
03-04@15:06:53 INFO  (DomainServices.java:48)     - Opprettet forbindese mellom Bislett og Tullinløkka
03-04@15:06:53 INFO  (DomainServices.java:48)     - Opprettet forbindese mellom Bislett og Majorstuen
03-04@15:06:53 INFO  (DomainServices.java:48)     - Opprettet forbindese mellom Nasjonalteateret og Tullinløkka
03-04@15:06:53 INFO  (DomainServices.java:48)     - Opprettet forbindese mellom Jernbanetorget og Gardermoen
03-04@15:06:53 INFO  (DomainServices.java:48)     - Opprettet forbindese mellom Alta Lufthavn og Elvebakken
03-04@15:06:53 INFO  (DomainServices.java:48)     - Opprettet forbindese mellom Alta Lufthavn og Alta City
03-04@15:06:53 INFO  (DomainServices.java:48)     - Opprettet forbindese mellom Bossekopp og Alta City
03-04@15:06:53 INFO  (DomainServices.java:48)     - Opprettet forbindese mellom Alta City og Alta Sentrum
03-04@15:06:53 INFO  (DomainServices.java:48)     - Opprettet forbindese mellom Alta Sentrum og Elvebakken
03-04@15:06:53 INFO  (DomainServices.java:48)     - Opprettet forbindese mellom Elvebakken og Kronstad
03-04@15:06:53 INFO  (Initializer.java:50)     - Du er nå klar for workshopen!
03-04@15:20:43 ERROR (TrafikantenShell.java:57)     - Misslyktes med å gjennomføre kommandoen!
org.neo4j.graphdb.NotInTransactionException: No transaction found for current thread
	at org.neo4j.kernel.impl.persistence.PersistenceManager.getCurrentTransaction(PersistenceManager.java:232)
	at org.neo4j.kernel.impl.persistence.PersistenceManager.getReadOnlyResource(PersistenceManager.java:179)
	at org.neo4j.kernel.impl.persistence.PersistenceManager.loadLightNode(PersistenceManager.java:67)
	at org.neo4j.kernel.impl.core.NodeManager.getNodeForProxy(NodeManager.java:442)
	at org.neo4j.kernel.impl.core.NodeProxy.getProperty(NodeProxy.java:128)
	at no.knowit.trafikanten.domain.Station.getName(Station.java:37)
	at no.knowit.trafikanten.shell.Command.pickStation(Command.java:110)
	at no.knowit.trafikanten.shell.Command.routeExistsBetween(Command.java:144)
	at no.knowit.trafikanten.shell.Command$6.run(Command.java:64)
	at no.knowit.trafikanten.shell.TrafikantenShell.readExecuteLoop(TrafikantenShell.java:51)
	at no.knowit.trafikanten.shell.TrafikantenShell.main(TrafikantenShell.java:39)
03-04@15:48:19 ERROR (TrafikantenShell.java:57)     - Misslyktes med å gjennomføre kommandoen!
org.neo4j.graphdb.NotInTransactionException: No transaction found for current thread
	at org.neo4j.kernel.impl.persistence.PersistenceManager.getCurrentTransaction(PersistenceManager.java:232)
	at org.neo4j.kernel.impl.persistence.PersistenceManager.getReadOnlyResource(PersistenceManager.java:179)
	at org.neo4j.kernel.impl.persistence.PersistenceManager.loadLightNode(PersistenceManager.java:67)
	at org.neo4j.kernel.impl.core.NodeManager.getNodeForProxy(NodeManager.java:442)
	at org.neo4j.kernel.impl.core.NodeProxy.getProperty(NodeProxy.java:128)
	at no.knowit.trafikanten.domain.Station.getName(Station.java:37)
	at no.knowit.trafikanten.shell.Command.pickStation(Command.java:110)
	at no.knowit.trafikanten.shell.Command.routeExistsBetween(Command.java:144)
	at no.knowit.trafikanten.shell.Command$6.run(Command.java:64)
	at no.knowit.trafikanten.shell.TrafikantenShell.readExecuteLoop(TrafikantenShell.java:51)
	at no.knowit.trafikanten.shell.TrafikantenShell.main(TrafikantenShell.java:39)
03-04@15:50:12 ERROR (TrafikantenShell.java:58)     - Misslyktes med å gjennomføre Finnes rute mellom A og B?
org.neo4j.graphdb.NotInTransactionException: No transaction found for current thread
	at org.neo4j.kernel.impl.persistence.PersistenceManager.getCurrentTransaction(PersistenceManager.java:232)
	at org.neo4j.kernel.impl.persistence.PersistenceManager.getReadOnlyResource(PersistenceManager.java:179)
	at org.neo4j.kernel.impl.persistence.PersistenceManager.loadLightNode(PersistenceManager.java:67)
	at org.neo4j.kernel.impl.core.NodeManager.getNodeForProxy(NodeManager.java:442)
	at org.neo4j.kernel.impl.core.NodeProxy.getProperty(NodeProxy.java:128)
	at no.knowit.trafikanten.domain.Station.getName(Station.java:37)
	at no.knowit.trafikanten.shell.Command.pickStation(Command.java:110)
	at no.knowit.trafikanten.shell.Command.routeExistsBetween(Command.java:144)
	at no.knowit.trafikanten.shell.Command$6.run(Command.java:64)
	at no.knowit.trafikanten.shell.TrafikantenShell.readExecuteLoop(TrafikantenShell.java:52)
	at no.knowit.trafikanten.shell.TrafikantenShell.main(TrafikantenShell.java:39)
03-04@15:55:15 ERROR (TrafikantenShell.java:57)     - Misslyktes med å gjennomføre kommandoen!
org.neo4j.graphdb.NotInTransactionException: No transaction found for current thread
	at org.neo4j.kernel.impl.persistence.PersistenceManager.getCurrentTransaction(PersistenceManager.java:232)
	at org.neo4j.kernel.impl.persistence.PersistenceManager.getReadOnlyResource(PersistenceManager.java:179)
	at org.neo4j.kernel.impl.persistence.PersistenceManager.loadLightNode(PersistenceManager.java:67)
	at org.neo4j.kernel.impl.core.NodeManager.getNodeForProxy(NodeManager.java:442)
	at org.neo4j.kernel.impl.core.NodeProxy.getProperty(NodeProxy.java:128)
	at no.knowit.trafikanten.domain.Station.getName(Station.java:37)
	at no.knowit.trafikanten.shell.Command.pickStation(Command.java:110)
	at no.knowit.trafikanten.shell.Command.getRoute(Command.java:74)
	at no.knowit.trafikanten.shell.Command.access$000(Command.java:10)
	at no.knowit.trafikanten.shell.Command$2.run(Command.java:36)
	at no.knowit.trafikanten.shell.TrafikantenShell.readExecuteLoop(TrafikantenShell.java:51)
	at no.knowit.trafikanten.shell.TrafikantenShell.main(TrafikantenShell.java:39)
03-04@16:33:35 ERROR (TrafikantenShell.java:62)     - Misslyktes med å gjennomføre Finnes rute mellom A og B?
java.lang.RuntimeException: java.lang.RuntimeException: Not implemented
	at no.knowit.trafikanten.shell.TrafikantenShell.executeInTransaction(TrafikantenShell.java:75)
	at no.knowit.trafikanten.shell.TrafikantenShell.readExecuteLoop(TrafikantenShell.java:53)
	at no.knowit.trafikanten.shell.TrafikantenShell.main(TrafikantenShell.java:40)
Caused by: java.lang.RuntimeException: Not implemented
	at no.knowit.trafikanten.domain.SearchServices.connectionExists(SearchServices.java:53)
	at no.knowit.trafikanten.Trafikanten.connectionExists(Trafikanten.java:63)
	at no.knowit.trafikanten.shell.Command.routeExistsBetween(Command.java:143)
	at no.knowit.trafikanten.shell.Command$6.run(Command.java:63)
	at no.knowit.trafikanten.shell.TrafikantenShell.executeInTransaction(TrafikantenShell.java:71)
	... 2 more
03-04@16:33:50 ERROR (TrafikantenShell.java:62)     - Misslyktes med å gjennomføre Finn stasjon
java.lang.RuntimeException: java.lang.RuntimeException: Not implemented
	at no.knowit.trafikanten.shell.TrafikantenShell.executeInTransaction(TrafikantenShell.java:75)
	at no.knowit.trafikanten.shell.TrafikantenShell.readExecuteLoop(TrafikantenShell.java:53)
	at no.knowit.trafikanten.shell.TrafikantenShell.main(TrafikantenShell.java:40)
Caused by: java.lang.RuntimeException: Not implemented
	at no.knowit.trafikanten.domain.SearchServices.searchStation(SearchServices.java:45)
	at no.knowit.trafikanten.Trafikanten.searchForStation(Trafikanten.java:59)
	at no.knowit.trafikanten.shell.Command.findStation(Command.java:98)
	at no.knowit.trafikanten.shell.Command.access$200(Command.java:10)
	at no.knowit.trafikanten.shell.Command$5.run(Command.java:56)
	at no.knowit.trafikanten.shell.TrafikantenShell.executeInTransaction(TrafikantenShell.java:71)
	... 2 more
03-04@16:34:05 ERROR (TrafikantenShell.java:62)     - Misslyktes med å gjennomføre Planlegg rute mellom A og B
java.lang.RuntimeException: java.lang.RuntimeException: Not implemented
	at no.knowit.trafikanten.shell.TrafikantenShell.executeInTransaction(TrafikantenShell.java:75)
	at no.knowit.trafikanten.shell.TrafikantenShell.readExecuteLoop(TrafikantenShell.java:53)
	at no.knowit.trafikanten.shell.TrafikantenShell.main(TrafikantenShell.java:40)
Caused by: java.lang.RuntimeException: Not implemented
	at no.knowit.trafikanten.domain.SearchServices.findRoute(SearchServices.java:49)
	at no.knowit.trafikanten.Trafikanten.planRoute(Trafikanten.java:43)
	at no.knowit.trafikanten.shell.Command.getRoute(Command.java:76)
	at no.knowit.trafikanten.shell.Command.access$000(Command.java:10)
	at no.knowit.trafikanten.shell.Command$2.run(Command.java:35)
	at no.knowit.trafikanten.shell.TrafikantenShell.executeInTransaction(TrafikantenShell.java:71)
	... 2 more
