03-04@14:02:44 INFO  (DomainServices.java:28)     - Created new station: Majorstuen
03-04@14:02:44 INFO  (DomainServices.java:28)     - Created new station: Bislett
03-04@14:02:44 INFO  (DomainServices.java:28)     - Created new station: Tullinløkka
03-04@14:02:44 INFO  (DomainServices.java:28)     - Created new station: Nasjonalteateret
03-04@14:02:44 INFO  (DomainServices.java:28)     - Created new station: Jernbanetorget
03-04@14:02:44 INFO  (DomainServices.java:28)     - Created new station: Gardermoen
03-04@14:02:44 INFO  (DomainServices.java:28)     - Created new station: Alta Lufthavn
03-04@14:02:45 INFO  (DomainServices.java:28)     - Created new station: Alta Sentrum
03-04@14:02:45 INFO  (DomainServices.java:28)     - Created new station: Alta City
03-04@14:02:45 INFO  (DomainServices.java:28)     - Created new station: Kronstad
03-04@14:02:45 INFO  (DomainServices.java:28)     - Created new station: Bossekopp
03-04@14:02:45 INFO  (DomainServices.java:28)     - Created new station: Elvebakken
03-04@14:02:45 INFO  (DomainServices.java:48)     - Opprettet forbindese mellom Majorstuen og Nasjonalteateret
03-04@14:02:45 INFO  (DomainServices.java:48)     - Opprettet forbindese mellom Majorstuen og Nasjonalteateret
03-04@14:02:45 INFO  (DomainServices.java:48)     - Opprettet forbindese mellom Jernbanetorget og Nasjonalteateret
03-04@14:02:45 INFO  (DomainServices.java:48)     - Opprettet forbindese mellom Jernbanetorget og Nasjonalteateret
03-04@14:02:45 INFO  (DomainServices.java:48)     - Opprettet forbindese mellom Jernbanetorget og Tullinløkka
03-04@14:02:45 INFO  (DomainServices.java:48)     - Opprettet forbindese mellom Bislett og Tullinløkka
03-04@14:02:45 INFO  (DomainServices.java:48)     - Opprettet forbindese mellom Bislett og Majorstuen
03-04@14:02:45 INFO  (DomainServices.java:48)     - Opprettet forbindese mellom Nasjonalteateret og Tullinløkka
03-04@14:02:45 INFO  (DomainServices.java:48)     - Opprettet forbindese mellom Jernbanetorget og Gardermoen
03-04@14:02:45 INFO  (DomainServices.java:48)     - Opprettet forbindese mellom Gardermoen og Alta Lufthavn
03-04@14:02:45 INFO  (DomainServices.java:48)     - Opprettet forbindese mellom Alta Lufthavn og Elvebakken
03-04@14:02:45 INFO  (DomainServices.java:48)     - Opprettet forbindese mellom Alta Lufthavn og Alta City
03-04@14:02:46 INFO  (DomainServices.java:48)     - Opprettet forbindese mellom Bossekopp og Alta City
03-04@14:02:46 INFO  (DomainServices.java:48)     - Opprettet forbindese mellom Alta City og Alta Sentrum
03-04@14:02:46 INFO  (DomainServices.java:48)     - Opprettet forbindese mellom Alta Sentrum og Elvebakken
03-04@14:02:46 INFO  (DomainServices.java:48)     - Opprettet forbindese mellom Elvebakken og Kronstad
03-04@14:02:46 INFO  (Initializer.java:51)     - Du er nå klar for workshopen!
